0 info it worked if it ends with ok
1 verbose cli [ 'C:\\Program Files\\nodejs\\node.exe',
1 verbose cli   'C:\\Users\\H.ikbal\\AppData\\Roaming\\npm\\node_modules\\npm\\bin\\npm-cli.js',
1 verbose cli   'start' ]
2 info using npm@3.10.8
3 info using node@v4.6.0
4 verbose run-script [ 'prestart', 'start', 'poststart' ]
5 info lifecycle angular2-quickstart@1.0.0~prestart: angular2-quickstart@1.0.0
6 silly lifecycle angular2-quickstart@1.0.0~prestart: no script for prestart, continuing
7 info lifecycle angular2-quickstart@1.0.0~start: angular2-quickstart@1.0.0
8 verbose lifecycle angular2-quickstart@1.0.0~start: unsafe-perm in lifecycle true
9 verbose lifecycle angular2-quickstart@1.0.0~start: PATH: C:\Users\H.ikbal\AppData\Roaming\npm\node_modules\npm\bin\node-gyp-bin;C:\xampp\angular-quickstart\jeuxdemots\node_modules\.bin;C:\Perl64\site\bin;C:\Perl64\bin;C:\ProgramData\Oracle\Java\javapath;C:\app\hamdaoui\product\12.1.0\dbhome_1\bin;C:\oraclexe\app\oracle\product\11.2.0\server\bin;C:\Program Files (x86)\Intel\iCLS Client\;C:\Program Files\Intel\iCLS Client\;C:\Windows\system32;C:\Windows;C:\Windows\System32\Wbem;C:\Windows\System32\WindowsPowerShell\v1.0\;C:\Program Files\Intel\Intel(R) Management Engine Components\DAL;C:\Program Files (x86)\Intel\Intel(R) Management Engine Components\DAL;C:\Program Files\Intel\Intel(R) Management Engine Components\IPT;C:\Program Files (x86)\Intel\Intel(R) Management Engine Components\IPT;C:\Program Files\Java\jdk1.8.0_60\bin;C:\Program Files (x86)\GtkSharp\2.12\bin;C:\Users\H.ikbal\.dnx\bin;C:\Program Files\Microsoft DNX\Dnvm\;C:\Program Files\Java\jre1.8.0_60\bin;C:\Program Files\R\R-3.2.3\library\rJava\jri;C:\Program Files\R\R-3.2.3;C:\Program Files\R\R-3.2.3\bin\x64;C:\Program Files\Java\jre1.8.0_60;C:\Program Files\Java\jdk1.8.0_60\bin;C:\Program Files\MATLAB\R2016a\bin;C:\Program Files (x86)\Skype\Phone\;C:\Program Files\jEdit;C:\Program Files\nodejs\;C:\Windows\System32\;C:\Windows\; C:\ProgramData\Oracle\Java\javapath;C:\TreeTagger\bin;C:\Program Files\Docker Toolbox;C:\Users\H.ikbal\AppData\Roaming\npm
10 verbose lifecycle angular2-quickstart@1.0.0~start: CWD: C:\xampp\angular-quickstart\jeuxdemots
11 silly lifecycle angular2-quickstart@1.0.0~start: Args: [ '/d /s /c', 'npm run lite' ]
12 silly lifecycle angular2-quickstart@1.0.0~start: Returned: code: 1  signal: null
13 info lifecycle angular2-quickstart@1.0.0~start: Failed to exec start script
14 verbose stack Error: angular2-quickstart@1.0.0 start: `npm run lite`
14 verbose stack Exit status 1
14 verbose stack     at EventEmitter.<anonymous> (C:\Users\H.ikbal\AppData\Roaming\npm\node_modules\npm\lib\utils\lifecycle.js:255:16)
14 verbose stack     at emitTwo (events.js:87:13)
14 verbose stack     at EventEmitter.emit (events.js:172:7)
14 verbose stack     at ChildProcess.<anonymous> (C:\Users\H.ikbal\AppData\Roaming\npm\node_modules\npm\lib\utils\spawn.js:40:14)
14 verbose stack     at emitTwo (events.js:87:13)
14 verbose stack     at ChildProcess.emit (events.js:172:7)
14 verbose stack     at maybeClose (internal/child_process.js:829:16)
14 verbose stack     at Process.ChildProcess._handle.onexit (internal/child_process.js:211:5)
15 verbose pkgid angular2-quickstart@1.0.0
16 verbose cwd C:\xampp\angular-quickstart\jeuxdemots
17 error Windows_NT 6.3.9600
18 error argv "C:\\Program Files\\nodejs\\node.exe" "C:\\Users\\H.ikbal\\AppData\\Roaming\\npm\\node_modules\\npm\\bin\\npm-cli.js" "start"
19 error node v4.6.0
20 error npm  v3.10.8
21 error code ELIFECYCLE
22 error angular2-quickstart@1.0.0 start: `npm run lite`
22 error Exit status 1
23 error Failed at the angular2-quickstart@1.0.0 start script 'npm run lite'.
23 error Make sure you have the latest version of node.js and npm installed.
23 error If you do, this is most likely a problem with the angular2-quickstart package,
23 error not with npm itself.
23 error Tell the author that this fails on your system:
23 error     npm run lite
23 error You can get information on how to open an issue for this project with:
23 error     npm bugs angular2-quickstart
23 error Or if that isn't available, you can get their info via:
23 error     npm owner ls angular2-quickstart
23 error There is likely additional logging output above.
24 verbose exit [ 1, true ]
